<?xml version="1.0" encoding="UTF-8"?>
<coverage generated="1635823465706" clover="3.2.0">
  <project timestamp="1635823465707" name="All files">
    <metrics statements="34" coveredstatements="34" conditionals="6" coveredconditionals="6" methods="22" coveredmethods="22" elements="62" coveredelements="62" complexity="0" loc="34" ncloc="34" packages="1" files="1" classes="1"/>
    <file name="mini-inv-take-2.js" path="/Users/elizabethcouser/launch_school/js130/exercises/mini-inv-take-2.js">
      <metrics statements="34" coveredstatements="34" conditionals="6" coveredconditionals="6" methods="22" coveredmethods="22"/>
      <line num="36" count="30" type="stmt"/>
      <line num="44" count="1" type="stmt"/>
      <line num="46" count="67" type="stmt"/>
      <line num="50" count="23" type="cond" truecount="4" falsecount="0"/>
      <line num="56" count="22" type="stmt"/>
      <line num="57" count="22" type="stmt"/>
      <line num="60" count="1" type="stmt"/>
      <line num="64" count="23" type="cond" truecount="2" falsecount="0"/>
      <line num="65" count="22" type="stmt"/>
      <line num="66" count="22" type="stmt"/>
      <line num="68" count="1" type="stmt"/>
      <line num="73" count="3" type="stmt"/>
      <line num="74" count="3" type="stmt"/>
      <line num="77" count="3" type="stmt"/>
      <line num="78" count="3" type="stmt"/>
      <line num="83" count="1" type="stmt"/>
      <line num="84" count="2" type="stmt"/>
      <line num="89" count="2" type="stmt"/>
      <line num="90" count="15" type="stmt"/>
      <line num="91" count="10" type="stmt"/>
      <line num="95" count="2" type="stmt"/>
      <line num="96" count="6" type="stmt"/>
      <line num="97" count="3" type="stmt"/>
      <line num="102" count="1" type="stmt"/>
      <line num="104" count="4" type="stmt"/>
      <line num="105" count="4" type="stmt"/>
      <line num="109" count="2" type="stmt"/>
      <line num="110" count="2" type="stmt"/>
      <line num="113" count="2" type="stmt"/>
      <line num="114" count="2" type="stmt"/>
      <line num="116" count="1" type="stmt"/>
      <line num="117" count="4" type="stmt"/>
      <line num="125" count="1" type="stmt"/>
      <line num="129" count="1" type="stmt"/>
    </file>
  </project>
</coverage>
