{"/Users/elizabethcouser/launch_school/js130/exercises/mini-inv-take-2.js": {"path":"/Users/elizabethcouser/launch_school/js130/exercises/mini-inv-take-2.js","statementMap":{"0":{"start":{"line":36,"column":2},"end":{"line":41,"column":3}},"1":{"start":{"line":44,"column":18},"end":{"line":100,"column":4}},"2":{"start":{"line":46,"column":4},"end":{"line":46,"column":33}},"3":{"start":{"line":50,"column":4},"end":{"line":52,"column":31}},"4":{"start":{"line":56,"column":14},"end":{"line":56,"column":84}},"5":{"start":{"line":57,"column":4},"end":{"line":57,"column":29}},"6":{"start":{"line":60,"column":2},"end":{"line":99,"column":3}},"7":{"start":{"line":64,"column":6},"end":{"line":69,"column":7}},"8":{"start":{"line":65,"column":18},"end":{"line":65,"column":40}},"9":{"start":{"line":66,"column":8},"end":{"line":66,"column":60}},"10":{"start":{"line":68,"column":8},"end":{"line":68,"column":21}},"11":{"start":{"line":73,"column":23},"end":{"line":75,"column":8}},"12":{"start":{"line":74,"column":8},"end":{"line":74,"column":36}},"13":{"start":{"line":77,"column":6},"end":{"line":79,"column":7}},"14":{"start":{"line":78,"column":8},"end":{"line":78,"column":43}},"15":{"start":{"line":83,"column":6},"end":{"line":85,"column":8}},"16":{"start":{"line":84,"column":8},"end":{"line":84,"column":36}},"17":{"start":{"line":89,"column":6},"end":{"line":91,"column":32}},"18":{"start":{"line":90,"column":8},"end":{"line":90,"column":33}},"19":{"start":{"line":91,"column":21},"end":{"line":91,"column":30}},"20":{"start":{"line":95,"column":6},"end":{"line":97,"column":32}},"21":{"start":{"line":96,"column":8},"end":{"line":96,"column":37}},"22":{"start":{"line":97,"column":21},"end":{"line":97,"column":30}},"23":{"start":{"line":102,"column":20},"end":{"line":127,"column":1}},"24":{"start":{"line":104,"column":4},"end":{"line":104,"column":29}},"25":{"start":{"line":105,"column":4},"end":{"line":105,"column":16}},"26":{"start":{"line":109,"column":15},"end":{"line":111,"column":6}},"27":{"start":{"line":110,"column":6},"end":{"line":110,"column":34}},"28":{"start":{"line":113,"column":4},"end":{"line":121,"column":18}},"29":{"start":{"line":114,"column":6},"end":{"line":120,"column":7}},"30":{"start":{"line":116,"column":10},"end":{"line":118,"column":11}},"31":{"start":{"line":117,"column":12},"end":{"line":117,"column":50}},"32":{"start":{"line":125,"column":4},"end":{"line":125,"column":49}},"33":{"start":{"line":129,"column":0},"end":{"line":129,"column":60}}},"fnMap":{"0":{"name":"ItemCreator","decl":{"start":{"line":35,"column":9},"end":{"line":35,"column":20}},"loc":{"start":{"line":35,"column":44},"end":{"line":42,"column":1}},"line":35},"1":{"name":"(anonymous_1)","decl":{"start":{"line":44,"column":19},"end":{"line":44,"column":20}},"loc":{"start":{"line":44,"column":30},"end":{"line":100,"column":1}},"line":44},"2":{"name":"removeWhitespace","decl":{"start":{"line":45,"column":11},"end":{"line":45,"column":27}},"loc":{"start":{"line":45,"column":34},"end":{"line":47,"column":3}},"line":45},"3":{"name":"validObject","decl":{"start":{"line":49,"column":11},"end":{"line":49,"column":22}},"loc":{"start":{"line":49,"column":41},"end":{"line":53,"column":3}},"line":49},"4":{"name":"generateSKU","decl":{"start":{"line":55,"column":11},"end":{"line":55,"column":22}},"loc":{"start":{"line":55,"column":34},"end":{"line":58,"column":3}},"line":55},"5":{"name":"(anonymous_5)","decl":{"start":{"line":63,"column":4},"end":{"line":63,"column":5}},"loc":{"start":{"line":63,"column":29},"end":{"line":70,"column":5}},"line":63},"6":{"name":"(anonymous_6)","decl":{"start":{"line":72,"column":4},"end":{"line":72,"column":5}},"loc":{"start":{"line":72,"column":27},"end":{"line":80,"column":5}},"line":72},"7":{"name":"(anonymous_7)","decl":{"start":{"line":73,"column":39},"end":{"line":73,"column":40}},"loc":{"start":{"line":73,"column":47},"end":{"line":75,"column":7}},"line":73},"8":{"name":"(anonymous_8)","decl":{"start":{"line":82,"column":4},"end":{"line":82,"column":5}},"loc":{"start":{"line":82,"column":16},"end":{"line":86,"column":5}},"line":82},"9":{"name":"(anonymous_9)","decl":{"start":{"line":83,"column":37},"end":{"line":83,"column":38}},"loc":{"start":{"line":83,"column":45},"end":{"line":85,"column":7}},"line":83},"10":{"name":"(anonymous_10)","decl":{"start":{"line":88,"column":4},"end":{"line":88,"column":5}},"loc":{"start":{"line":88,"column":14},"end":{"line":92,"column":5}},"line":88},"11":{"name":"(anonymous_11)","decl":{"start":{"line":89,"column":31},"end":{"line":89,"column":32}},"loc":{"start":{"line":89,"column":39},"end":{"line":91,"column":7}},"line":89},"12":{"name":"(anonymous_12)","decl":{"start":{"line":91,"column":13},"end":{"line":91,"column":14}},"loc":{"start":{"line":91,"column":21},"end":{"line":91,"column":30}},"line":91},"13":{"name":"(anonymous_13)","decl":{"start":{"line":94,"column":4},"end":{"line":94,"column":5}},"loc":{"start":{"line":94,"column":25},"end":{"line":98,"column":5}},"line":94},"14":{"name":"(anonymous_14)","decl":{"start":{"line":95,"column":31},"end":{"line":95,"column":32}},"loc":{"start":{"line":95,"column":39},"end":{"line":97,"column":7}},"line":95},"15":{"name":"(anonymous_15)","decl":{"start":{"line":97,"column":13},"end":{"line":97,"column":14}},"loc":{"start":{"line":97,"column":21},"end":{"line":97,"column":30}},"line":97},"16":{"name":"(anonymous_16)","decl":{"start":{"line":103,"column":2},"end":{"line":103,"column":3}},"loc":{"start":{"line":103,"column":20},"end":{"line":106,"column":3}},"line":103},"17":{"name":"(anonymous_17)","decl":{"start":{"line":108,"column":2},"end":{"line":108,"column":3}},"loc":{"start":{"line":108,"column":22},"end":{"line":122,"column":3}},"line":108},"18":{"name":"(anonymous_18)","decl":{"start":{"line":109,"column":37},"end":{"line":109,"column":38}},"loc":{"start":{"line":109,"column":45},"end":{"line":111,"column":5}},"line":109},"19":{"name":"(anonymous_19)","decl":{"start":{"line":113,"column":12},"end":{"line":113,"column":13}},"loc":{"start":{"line":113,"column":23},"end":{"line":121,"column":5}},"line":113},"20":{"name":"(anonymous_20)","decl":{"start":{"line":115,"column":8},"end":{"line":115,"column":9}},"loc":{"start":{"line":115,"column":19},"end":{"line":119,"column":9}},"line":115},"21":{"name":"(anonymous_21)","decl":{"start":{"line":124,"column":2},"end":{"line":124,"column":3}},"loc":{"start":{"line":124,"column":18},"end":{"line":126,"column":3}},"line":124}},"branchMap":{"0":{"loc":{"start":{"line":50,"column":11},"end":{"line":52,"column":30}},"type":"binary-expr","locations":[{"start":{"line":50,"column":11},"end":{"line":50,"column":45}},{"start":{"line":51,"column":11},"end":{"line":51,"column":29}},{"start":{"line":51,"column":33},"end":{"line":51,"column":48}},{"start":{"line":52,"column":11},"end":{"line":52,"column":30}}],"line":50},"1":{"loc":{"start":{"line":64,"column":6},"end":{"line":69,"column":7}},"type":"if","locations":[{"start":{"line":64,"column":6},"end":{"line":69,"column":7}},{"start":{"line":67,"column":13},"end":{"line":69,"column":7}}],"line":64}},"s":{"0":30,"1":1,"2":67,"3":23,"4":22,"5":22,"6":1,"7":23,"8":22,"9":22,"10":1,"11":3,"12":3,"13":3,"14":3,"15":1,"16":2,"17":2,"18":15,"19":10,"20":2,"21":6,"22":3,"23":1,"24":4,"25":4,"26":2,"27":2,"28":2,"29":2,"30":1,"31":4,"32":1,"33":1},"f":{"0":30,"1":1,"2":67,"3":23,"4":22,"5":23,"6":3,"7":3,"8":1,"9":2,"10":2,"11":15,"12":10,"13":2,"14":6,"15":3,"16":4,"17":2,"18":2,"19":2,"20":1,"21":1},"b":{"0":[23,23,23,22],"1":[22,1]},"_coverageSchema":"1a1c01bbd47fc00a2c39e90264f33305004495a9","hash":"5fe66a9a4653222f8b5fa74b7e7f0c30ae95c1bb"}
}
