TN:
SF:mini-inv-take-2.js
FN:35,ItemCreator
FN:44,(anonymous_1)
FN:45,removeWhitespace
FN:49,validObject
FN:55,generateSKU
FN:63,(anonymous_5)
FN:72,(anonymous_6)
FN:73,(anonymous_7)
FN:82,(anonymous_8)
FN:83,(anonymous_9)
FN:88,(anonymous_10)
FN:89,(anonymous_11)
FN:91,(anonymous_12)
FN:94,(anonymous_13)
FN:95,(anonymous_14)
FN:97,(anonymous_15)
FN:103,(anonymous_16)
FN:108,(anonymous_17)
FN:109,(anonymous_18)
FN:113,(anonymous_19)
FN:115,(anonymous_20)
FN:124,(anonymous_21)
FNF:22
FNH:22
FNDA:30,ItemCreator
FNDA:1,(anonymous_1)
FNDA:67,removeWhitespace
FNDA:23,validObject
FNDA:22,generateSKU
FNDA:23,(anonymous_5)
FNDA:3,(anonymous_6)
FNDA:3,(anonymous_7)
FNDA:1,(anonymous_8)
FNDA:2,(anonymous_9)
FNDA:2,(anonymous_10)
FNDA:15,(anonymous_11)
FNDA:10,(anonymous_12)
FNDA:2,(anonymous_13)
FNDA:6,(anonymous_14)
FNDA:3,(anonymous_15)
FNDA:4,(anonymous_16)
FNDA:2,(anonymous_17)
FNDA:2,(anonymous_18)
FNDA:2,(anonymous_19)
FNDA:1,(anonymous_20)
FNDA:1,(anonymous_21)
DA:36,30
DA:44,1
DA:46,67
DA:50,23
DA:56,22
DA:57,22
DA:60,1
DA:64,23
DA:65,22
DA:66,22
DA:68,1
DA:73,3
DA:74,3
DA:77,3
DA:78,3
DA:83,1
DA:84,2
DA:89,2
DA:90,15
DA:91,10
DA:95,2
DA:96,6
DA:97,3
DA:102,1
DA:104,4
DA:105,4
DA:109,2
DA:110,2
DA:113,2
DA:114,2
DA:116,1
DA:117,4
DA:125,1
DA:129,1
LF:34
LH:34
BRDA:50,0,0,23
BRDA:50,0,1,23
BRDA:50,0,2,23
BRDA:50,0,3,22
BRDA:64,1,0,22
BRDA:64,1,1,1
BRF:6
BRH:6
end_of_record
